<?xml version="1.0" encoding="UTF-8"?>
<!-- Generated by org.testng.reporters.JUnitReportReporter -->
<testsuite skipped="0" hostname="IN-5CG0253H88" name="org.training.examples.automation.tests.ValidHomePageTests" tests="1" failures="0" timestamp="2021-03-02T16:54:11 IST" time="8.204" errors="0">
  <testcase name="changeClick" time="8.204" classname="org.training.examples.automation.tests.ValidHomePageTests"/>
  <system-out/>
</testsuite> <!-- org.training.examples.automation.tests.ValidHomePageTests -->
