<?xml version="1.0" encoding="UTF-8"?>
<testsuite name="org.training.examples.automation.tests.ValidHomePageTests" tests="1" skipped="0" failures="0" errors="0" timestamp="2021-03-02T11:24:01" hostname="IN-5CG0253H88" time="8.135">
  <properties/>
  <testcase name="changeClick" classname="org.training.examples.automation.tests.ValidHomePageTests" time="8.135"/>
  <system-out><![CDATA[]]></system-out>
  <system-err><![CDATA[Starting ChromeDriver 87.0.4280.20 (c99e81631faa0b2a448e658c0dbd8311fb04ddbd-refs/branch-heads/4280@{#355}) on port 33703
Only local connections are allowed.
Please see https://chromedriver.chromium.org/security-considerations for suggestions on keeping ChromeDriver safe.
ChromeDriver was started successfully.
[1614684226.137][WARNING]: This version of ChromeDriver has not been tested with Chrome version 88.
Mar 02, 2021 4:53:48 PM org.openqa.selenium.remote.ProtocolHandshake createSession
INFO: Detected dialect: W3C
]]></system-err>
</testsuite>
